2024-09-08 05:24:17,977 Using selector: EpollSelector
2024-09-08 05:26:23,120 Error: Data scraping unable to complete in 60.0s (retries: 3)
2024-09-08 05:26:23,120 Using selector: EpollSelector
2024-09-08 05:28:25,966 Error: Data scraping unable to complete in 60.0s (retries: 3)
2024-09-08 05:28:25,966 Using selector: EpollSelector
2024-09-08 05:30:28,663 Error: Data scraping unable to complete in 60.0s (retries: 3)
2024-09-08 05:30:28,663 Using selector: EpollSelector
2024-09-08 05:32:31,419 Error: Data scraping unable to complete in 60.0s (retries: 3)
2024-09-08 05:32:31,420 Using selector: EpollSelector
2024-09-08 05:34:34,363 Error: Data scraping unable to complete in 60.0s (retries: 3)
2024-09-08 05:34:34,364 Using selector: EpollSelector
2024-09-08 05:36:36,832 Error: Data scraping unable to complete in 60.0s (retries: 3)
2024-09-08 05:36:36,832 Using selector: EpollSelector
2024-09-08 05:36:37,449 Error: BrowserType.launch: Target page, context or browser has been closed
Browser logs:

<launching> /home/runner/.cache/ms-playwright/chromium-1129/chrome-linux/chrome --disable-field-trial-config --disable-background-networking --disable-background-timer-throttling --disable-backgrounding-occluded-windows --disable-back-forward-cache --disable-breakpad --disable-client-side-phishing-detection --disable-component-extensions-with-background-pages --disable-component-update --no-default-browser-check --disable-default-apps --disable-dev-shm-usage --disable-extensions --disable-features=ImprovedCookieControls,LazyFrameLoading,GlobalMediaControls,DestroyProfileOnBrowserClose,MediaRouter,DialMediaRouteProvider,AcceptCHFrame,AutoExpandDetailsElement,CertificateTransparencyComponentUpdater,AvoidUnnecessaryBeforeUnloadCheckSync,Translate,HttpsUpgrades,PaintHolding,PlzDedicatedWorker --allow-pre-commit-input --disable-hang-monitor --disable-ipc-flooding-protection --disable-popup-blocking --disable-prompt-on-repost --disable-renderer-backgrounding --force-color-profile=srgb --metrics-recording-only --no-first-run --enable-automation --password-store=basic --use-mock-keychain --no-service-autorun --export-tagged-pdf --disable-search-engine-choice-screen --unsafely-disable-devtools-self-xss-warnings --headless=old --hide-scrollbars --mute-audio --blink-settings=primaryHoverType=2,availableHoverTypes=2,primaryPointerType=4,availablePointerTypes=4 --no-sandbox --disable-gpu --single-process --user-data-dir=/tmp/playwright_chromiumdev_profile-XXXXXX2ZdQDW --remote-debugging-pipe --no-startup-window
<launched> pid=3626
[pid=3626][err] Old Headless mode will be removed from the Chrome binary soon. Please use the new Headless mode (https://developer.chrome.com/docs/chromium/new-headless) or the chrome-headless-shell which is a standalone implementation of the old Headless mode (https://developer.chrome.com/blog/chrome-headless-shell).
[pid=3626][err] 
[pid=3626][err] [0908/053637.113178:WARNING:audio_manager_linux.cc(53)] Falling back to ALSA for audio output. PulseAudio is not available or could not be initialized.
[pid=3626][err] Received signal 11 SI_KERNEL000000000000
[pid=3626][err]  Possibly a General Protection Fault, can be due to a non-canonical address dereference. See "Intel 64 and IA-32 Architectures Software Developer’s Manual", Volume 1, Section 3.3.7.1.
[pid=3626][err] #0 0x56171943b442 [0908/053637.119939:WARNING:bluez_dbus_manager.cc(248)] Floss manager not present, cannot set Floss enable/disable.
[pid=3626][err] base::debug::CollectStackTrace()
[pid=3626][err] #1 0x5617194283be base::debug::StackTrace::StackTrace()
[pid=3626][err] #2 0x56171943ae51 base::debug::(anonymous namespace)::StackDumpSignalHandler()
[pid=3626][err] #3 0x7f7b9b842520 (/usr/lib/x86_64-linux-gnu/libc.so.6+0x4251f)
[pid=3626][err] #4 0x7f7b9b844c1d getenv
[pid=3626][err] #5 0x5617195b9ef2 event_base_new
[pid=3626][err] #6 0x56171944764d base::MessagePumpLibevent::MessagePumpLibevent()
[pid=3626][err] #7 0x56171938392b base::MessagePump::Create()
[pid=3626][err] #8 0x56171940aa33 base::internal::SequenceManagerThreadDelegate::BindToCurrentThread()
[pid=3626][err] #9 0x56171940a698 base::Thread::ThreadMain()
[pid=3626][err] #10 0x56171941eb2a base::(anonymous namespace)::ThreadFunc()
[pid=3626][err] #11 0x7f7b9b894ac3 (/usr/lib/x86_64-linux-gnu/libc.so.6+0x94ac2)
[pid=3626][err] #12 0x7f7b9b926850 (/usr/lib/x86_64-linux-gnu/libc.so.6+0x12684f)
[pid=3626][err]   r8: 00002f5c000ee730  r9: 0000000000000000 r10: 00002f5c000ee7b0 r11: 0000000000000246
[pid=3626][err]  r12: 005c0200582f0000 r13: 0000000000000011 r14: 000000000000000f r15: 0000561711e721a3
[pid=3626][err]   di: 0000561711e721a1  si: 0000000000000098  bp: 0000000000005645  bx: 00002f5800024800
[pid=3626][err]   dx: 0000561711e721a1  ax: 0000000000000011  cx: 00007f7b9b8ec09b  sp: 00007f7b833f9f10
[pid=3626][err]   ip: 00007f7b9b844c1d efl: 0000000000010206 cgf: 002b000000000033 erf: 0000000000000000
[pid=3626][err]  trp: 000000000000000d msk: 0000000000000000 cr2: 0000000000000000
[pid=3626][err] [end of stack trace]
Call log:
<launching> /home/runner/.cache/ms-playwright/chromium-1129/chrome-linux/chrome --disable-field-trial-config --disable-background-networking --disable-background-timer-throttling --disable-backgrounding-occluded-windows --disable-back-forward-cache --disable-breakpad --disable-client-side-phishing-detection --disable-component-extensions-with-background-pages --disable-component-update --no-default-browser-check --disable-default-apps --disable-dev-shm-usage --disable-extensions --disable-features=ImprovedCookieControls,LazyFrameLoading,GlobalMediaControls,DestroyProfileOnBrowserClose,MediaRouter,DialMediaRouteProvider,AcceptCHFrame,AutoExpandDetailsElement,CertificateTransparencyComponentUpdater,AvoidUnnecessaryBeforeUnloadCheckSync,Translate,HttpsUpgrades,PaintHolding,PlzDedicatedWorker --allow-pre-commit-input --disable-hang-monitor --disable-ipc-flooding-protection --disable-popup-blocking --disable-prompt-on-repost --disable-renderer-backgrounding --force-color-profile=srgb --metrics-recording-only --no-first-run --enable-automation --password-store=basic --use-mock-keychain --no-service-autorun --export-tagged-pdf --disable-search-engine-choice-screen --unsafely-disable-devtools-self-xss-warnings --headless=old --hide-scrollbars --mute-audio --blink-settings=primaryHoverType=2,availableHoverTypes=2,primaryPointerType=4,availablePointerTypes=4 --no-sandbox --disable-gpu --single-process --user-data-dir=/tmp/playwright_chromiumdev_profile-XXXXXX2ZdQDW --remote-debugging-pipe --no-startup-window
  - <launched> pid=3626
  - [pid=3626][err] Old Headless mode will be removed from the Chrome binary soon. Please use the new Headless mode (https://developer.chrome.com/docs/chromium/new-headless) or the chrome-headless-shell which is a standalone implementation of the old Headless mode (https://developer.chrome.com/blog/chrome-headless-shell).
  - [pid=3626][err] 
  - [pid=3626][err] [0908/053637.113178:WARNING:audio_manager_linux.cc(53)] Falling back to ALSA for audio output. PulseAudio is not available or could not be initialized.
  - [pid=3626][err] Received signal 11 SI_KERNEL000000000000
  - [pid=3626][err]  Possibly a General Protection Fault, can be due to a non-canonical address dereference. See "Intel 64 and IA-32 Architectures Software Developer’s Manual", Volume 1, Section 3.3.7.1.
  - [pid=3626][err] #0 0x56171943b442 [0908/053637.119939:WARNING:bluez_dbus_manager.cc(248)] Floss manager not present, cannot set Floss enable/disable.
  - [pid=3626][err] base::debug::CollectStackTrace()
  - [pid=3626][err] #1 0x5617194283be base::debug::StackTrace::StackTrace()
  - [pid=3626][err] #2 0x56171943ae51 base::debug::(anonymous namespace)::StackDumpSignalHandler()
  - [pid=3626][err] #3 0x7f7b9b842520 (/usr/lib/x86_64-linux-gnu/libc.so.6+0x4251f)
  - [pid=3626][err] #4 0x7f7b9b844c1d getenv
  - [pid=3626][err] #5 0x5617195b9ef2 event_base_new
  - [pid=3626][err] #6 0x56171944764d base::MessagePumpLibevent::MessagePumpLibevent()
  - [pid=3626][err] #7 0x56171938392b base::MessagePump::Create()
  - [pid=3626][err] #8 0x56171940aa33 base::internal::SequenceManagerThreadDelegate::BindToCurrentThread()
  - [pid=3626][err] #9 0x56171940a698 base::Thread::ThreadMain()
  - [pid=3626][err] #10 0x56171941eb2a base::(anonymous namespace)::ThreadFunc()
  - [pid=3626][err] #11 0x7f7b9b894ac3 (/usr/lib/x86_64-linux-gnu/libc.so.6+0x94ac2)
  - [pid=3626][err] #12 0x7f7b9b926850 (/usr/lib/x86_64-linux-gnu/libc.so.6+0x12684f)
  - [pid=3626][err]   r8: 00002f5c000ee730  r9: 0000000000000000 r10: 00002f5c000ee7b0 r11: 0000000000000246
  - [pid=3626][err]  r12: 005c0200582f0000 r13: 0000000000000011 r14: 000000000000000f r15: 0000561711e721a3
  - [pid=3626][err]   di: 0000561711e721a1  si: 0000000000000098  bp: 0000000000005645  bx: 00002f5800024800
  - [pid=3626][err]   dx: 0000561711e721a1  ax: 0000000000000011  cx: 00007f7b9b8ec09b  sp: 00007f7b833f9f10
  - [pid=3626][err]   ip: 00007f7b9b844c1d efl: 0000000000010206 cgf: 002b000000000033 erf: 0000000000000000
  - [pid=3626][err]  trp: 000000000000000d msk: 0000000000000000 cr2: 0000000000000000
  - [pid=3626][err] [end of stack trace]

